<?xml version="1.0" encoding="UTF-8"?>
<!-- Generated by org.testng.reporters.JUnitXMLReporter -->
<testsuite ignored="0" hostname="DESKTOP-3E177DD" failures="0" tests="3" name="Default test" time="0.084" errors="0" timestamp="2023-05-01T16:42:59 IST">
  <testcase classname="com.sgtesting.products.Products" name="createProduct" time="0.008"/>
  <testcase classname="com.sgtesting.products.Products" name="deleteProduct" time="0.007"/>
  <testcase classname="com.sgtesting.products.Products" name="modifyProduct" time="0.006"/>
</testsuite> <!-- Default test -->
